mode: set
github.com/stas9132/GophKeeper/cmd/client/client.go:18.69,21.16 2 0
github.com/stas9132/GophKeeper/cmd/client/client.go:21.16,23.3 1 0
github.com/stas9132/GophKeeper/cmd/client/client.go:25.2,26.47 2 0
github.com/stas9132/GophKeeper/cmd/client/client.go:26.47,28.3 1 0
github.com/stas9132/GophKeeper/cmd/client/client.go:31.2,36.40 2 0
github.com/stas9132/GophKeeper/cmd/client/client.go:39.29,41.16 2 0
github.com/stas9132/GophKeeper/cmd/client/client.go:41.16,43.3 1 0
github.com/stas9132/GophKeeper/cmd/client/client.go:44.2,45.16 2 0
github.com/stas9132/GophKeeper/cmd/client/client.go:45.16,47.3 1 0
github.com/stas9132/GophKeeper/cmd/client/client.go:48.2,49.15 2 0
github.com/stas9132/GophKeeper/cmd/client/client.go:49.15,51.21 2 0
github.com/stas9132/GophKeeper/cmd/client/client.go:51.21,52.12 1 0
github.com/stas9132/GophKeeper/cmd/client/client.go:54.3,55.14 2 0
github.com/stas9132/GophKeeper/cmd/client/client.go:56.15,57.10 1 0
github.com/stas9132/GophKeeper/cmd/client/client.go:58.17,59.37 1 0
github.com/stas9132/GophKeeper/cmd/client/client.go:59.37,61.13 2 0
github.com/stas9132/GophKeeper/cmd/client/client.go:63.19,64.43 1 0
github.com/stas9132/GophKeeper/cmd/client/client.go:64.43,66.13 2 0
github.com/stas9132/GophKeeper/cmd/client/client.go:68.16,69.40 1 0
github.com/stas9132/GophKeeper/cmd/client/client.go:69.40,71.13 2 0
github.com/stas9132/GophKeeper/cmd/client/client.go:73.17,74.37 1 0
github.com/stas9132/GophKeeper/cmd/client/client.go:74.37,76.13 2 0
github.com/stas9132/GophKeeper/cmd/client/client.go:78.14,79.38 1 0
github.com/stas9132/GophKeeper/cmd/client/client.go:79.38,81.13 2 0
github.com/stas9132/GophKeeper/cmd/client/client.go:83.14,85.18 2 0
github.com/stas9132/GophKeeper/cmd/client/client.go:85.18,87.13 2 0
github.com/stas9132/GophKeeper/cmd/client/client.go:89.4,89.21 1 0
github.com/stas9132/GophKeeper/cmd/client/client.go:90.15,91.83 1 0
github.com/stas9132/GophKeeper/cmd/client/client.go:92.11,94.12 2 0
github.com/stas9132/GophKeeper/cmd/client/client.go:96.3,96.47 1 0
github.com/stas9132/GophKeeper/cmd/client/client.go:100.13,105.25 3 0
github.com/stas9132/GophKeeper/cmd/client/client.go:105.25,109.3 3 0
github.com/stas9132/GophKeeper/cmd/client/client.go:111.2,112.10 2 0
github.com/stas9132/GophKeeper/cmd/server/server.go:30.69,33.16 2 0
github.com/stas9132/GophKeeper/cmd/server/server.go:33.16,35.3 1 0
github.com/stas9132/GophKeeper/cmd/server/server.go:38.2,43.40 2 0
github.com/stas9132/GophKeeper/cmd/server/server.go:46.44,49.59 3 0
github.com/stas9132/GophKeeper/cmd/server/server.go:49.59,50.101 1 0
github.com/stas9132/GophKeeper/cmd/server/server.go:50.101,52.4 1 0
github.com/stas9132/GophKeeper/cmd/server/server.go:54.2,55.16 2 0
github.com/stas9132/GophKeeper/cmd/server/server.go:55.16,57.3 1 0
github.com/stas9132/GophKeeper/cmd/server/server.go:58.2,66.16 3 0
github.com/stas9132/GophKeeper/cmd/server/server.go:66.16,68.3 1 0
github.com/stas9132/GophKeeper/cmd/server/server.go:69.2,70.16 2 0
github.com/stas9132/GophKeeper/cmd/server/server.go:70.16,72.3 1 0
github.com/stas9132/GophKeeper/cmd/server/server.go:73.2,76.12 3 0
github.com/stas9132/GophKeeper/cmd/server/server.go:76.12,79.13 3 0
github.com/stas9132/GophKeeper/cmd/server/server.go:79.13,81.38 2 0
github.com/stas9132/GophKeeper/cmd/server/server.go:81.38,83.5 1 0
github.com/stas9132/GophKeeper/cmd/server/server.go:84.4,85.13 2 0
github.com/stas9132/GophKeeper/cmd/server/server.go:87.3,90.13 4 0
github.com/stas9132/GophKeeper/cmd/server/server.go:92.2,92.12 1 0
github.com/stas9132/GophKeeper/cmd/server/server.go:95.48,105.16 7 0
github.com/stas9132/GophKeeper/cmd/server/server.go:105.16,109.3 3 0
github.com/stas9132/GophKeeper/cmd/server/server.go:111.2,111.12 1 0
github.com/stas9132/GophKeeper/cmd/server/server.go:111.12,114.13 3 0
github.com/stas9132/GophKeeper/cmd/server/server.go:114.13,116.85 2 0
github.com/stas9132/GophKeeper/cmd/server/server.go:116.85,118.5 1 0
github.com/stas9132/GophKeeper/cmd/server/server.go:119.4,120.13 2 0
github.com/stas9132/GophKeeper/cmd/server/server.go:122.3,125.13 4 0
github.com/stas9132/GophKeeper/cmd/server/server.go:127.2,127.12 1 0
github.com/stas9132/GophKeeper/cmd/server/server.go:130.13,140.2 7 0
github.com/stas9132/GophKeeper/internal/config/config.go:21.13,27.49 4 1
github.com/stas9132/GophKeeper/internal/config/config.go:27.49,29.3 1 1
github.com/stas9132/GophKeeper/internal/config/config.go:30.2,30.54 1 1
github.com/stas9132/GophKeeper/internal/config/config.go:30.54,32.3 1 1
github.com/stas9132/GophKeeper/internal/config/config.go:33.2,33.46 1 1
github.com/stas9132/GophKeeper/internal/config/config.go:33.46,35.3 1 1
github.com/stas9132/GophKeeper/internal/config/config.go:36.2,36.48 1 1
github.com/stas9132/GophKeeper/internal/config/config.go:36.48,38.3 1 1
github.com/stas9132/GophKeeper/internal/config/config.go:39.2,39.48 1 1
github.com/stas9132/GophKeeper/internal/config/config.go:39.48,41.3 1 1
github.com/stas9132/GophKeeper/internal/config/config.go:42.2,42.45 1 1
github.com/stas9132/GophKeeper/internal/config/config.go:42.45,44.3 1 1
github.com/stas9132/GophKeeper/internal/config/config.go:45.2,45.46 1 1
github.com/stas9132/GophKeeper/internal/config/config.go:45.46,47.3 1 1
github.com/stas9132/GophKeeper/internal/config/config.go:48.2,48.42 1 1
github.com/stas9132/GophKeeper/internal/config/config.go:48.42,50.3 1 1
github.com/stas9132/GophKeeper/internal/config/config.go:51.2,51.45 1 1
github.com/stas9132/GophKeeper/internal/config/config.go:51.45,54.17 3 1
github.com/stas9132/GophKeeper/internal/config/config.go:54.17,56.4 1 0
github.com/stas9132/GophKeeper/internal/config/config.go:58.2,58.47 1 1
github.com/stas9132/GophKeeper/internal/config/config.go:58.47,60.3 1 1
github.com/stas9132/GophKeeper/internal/logger/logger.go:15.35,16.58 1 0
github.com/stas9132/GophKeeper/internal/logger/logger.go:16.58,18.48 1 0
github.com/stas9132/GophKeeper/internal/logger/logger.go:18.48,20.4 1 0
github.com/stas9132/GophKeeper/internal/logger/logger.go:22.3,22.30 1 0
github.com/stas9132/GophKeeper/internal/logger/logger.go:22.30,25.4 2 0
github.com/stas9132/GophKeeper/internal/logger/logger.go:26.3,26.11 1 0
github.com/stas9132/GophKeeper/internal/logger/logger.go:28.2,28.110 1 0
github.com/stas9132/GophKeeper/internal/client/client.go:42.92,44.16 2 0
github.com/stas9132/GophKeeper/internal/client/client.go:44.16,46.3 1 0
github.com/stas9132/GophKeeper/internal/client/client.go:47.2,48.16 2 0
github.com/stas9132/GophKeeper/internal/client/client.go:48.16,50.3 1 0
github.com/stas9132/GophKeeper/internal/client/client.go:51.2,55.8 1 0
github.com/stas9132/GophKeeper/internal/client/client.go:58.33,60.22 2 1
github.com/stas9132/GophKeeper/internal/client/client.go:60.22,62.3 1 1
github.com/stas9132/GophKeeper/internal/client/client.go:63.2,64.16 2 1
github.com/stas9132/GophKeeper/internal/client/client.go:64.16,66.3 1 1
github.com/stas9132/GophKeeper/internal/client/client.go:67.2,68.12 2 1
github.com/stas9132/GophKeeper/internal/client/client.go:71.48,72.20 1 1
github.com/stas9132/GophKeeper/internal/client/client.go:72.20,75.3 2 1
github.com/stas9132/GophKeeper/internal/client/client.go:76.2,81.16 3 1
github.com/stas9132/GophKeeper/internal/client/client.go:81.16,83.3 1 1
github.com/stas9132/GophKeeper/internal/client/client.go:84.2,86.12 3 0
github.com/stas9132/GophKeeper/internal/client/client.go:89.45,90.20 1 1
github.com/stas9132/GophKeeper/internal/client/client.go:90.20,93.3 2 1
github.com/stas9132/GophKeeper/internal/client/client.go:94.2,99.16 3 1
github.com/stas9132/GophKeeper/internal/client/client.go:99.16,101.3 1 1
github.com/stas9132/GophKeeper/internal/client/client.go:102.2,104.12 3 0
github.com/stas9132/GophKeeper/internal/client/client.go:107.33,110.16 3 1
github.com/stas9132/GophKeeper/internal/client/client.go:110.16,112.3 1 1
github.com/stas9132/GophKeeper/internal/client/client.go:113.2,115.12 3 1
github.com/stas9132/GophKeeper/internal/client/client.go:120.43,121.20 1 1
github.com/stas9132/GophKeeper/internal/client/client.go:121.20,124.3 2 1
github.com/stas9132/GophKeeper/internal/client/client.go:125.2,129.31 5 1
github.com/stas9132/GophKeeper/internal/client/client.go:130.43,132.29 2 1
github.com/stas9132/GophKeeper/internal/client/client.go:133.33,135.29 2 1
github.com/stas9132/GophKeeper/internal/client/client.go:136.32,138.17 2 1
github.com/stas9132/GophKeeper/internal/client/client.go:138.17,140.4 1 1
github.com/stas9132/GophKeeper/internal/client/client.go:141.3,143.17 3 1
github.com/stas9132/GophKeeper/internal/client/client.go:143.17,145.4 1 0
github.com/stas9132/GophKeeper/internal/client/client.go:146.3,147.23 2 1
github.com/stas9132/GophKeeper/internal/client/client.go:148.33,150.29 2 1
github.com/stas9132/GophKeeper/internal/client/client.go:151.10,157.29 6 1
github.com/stas9132/GophKeeper/internal/client/client.go:159.2,164.16 3 1
github.com/stas9132/GophKeeper/internal/client/client.go:164.16,166.3 1 0
github.com/stas9132/GophKeeper/internal/client/client.go:167.2,168.16 2 1
github.com/stas9132/GophKeeper/internal/client/client.go:168.16,170.3 1 0
github.com/stas9132/GophKeeper/internal/client/client.go:171.2,172.16 2 1
github.com/stas9132/GophKeeper/internal/client/client.go:172.16,174.3 1 0
github.com/stas9132/GophKeeper/internal/client/client.go:175.2,183.16 4 1
github.com/stas9132/GophKeeper/internal/client/client.go:183.16,185.3 1 1
github.com/stas9132/GophKeeper/internal/client/client.go:186.2,188.12 2 1
github.com/stas9132/GophKeeper/internal/client/client.go:191.53,192.20 1 1
github.com/stas9132/GophKeeper/internal/client/client.go:192.20,195.3 2 1
github.com/stas9132/GophKeeper/internal/client/client.go:196.2,201.16 4 1
github.com/stas9132/GophKeeper/internal/client/client.go:201.16,203.3 1 1
github.com/stas9132/GophKeeper/internal/client/client.go:205.2,206.16 2 1
github.com/stas9132/GophKeeper/internal/client/client.go:206.16,208.3 1 1
github.com/stas9132/GophKeeper/internal/client/client.go:209.2,210.16 2 0
github.com/stas9132/GophKeeper/internal/client/client.go:210.16,212.3 1 0
github.com/stas9132/GophKeeper/internal/client/client.go:213.2,214.16 2 0
github.com/stas9132/GophKeeper/internal/client/client.go:214.16,216.3 1 0
github.com/stas9132/GophKeeper/internal/client/client.go:217.2,218.16 2 0
github.com/stas9132/GophKeeper/internal/client/client.go:218.16,220.3 1 0
github.com/stas9132/GophKeeper/internal/client/client.go:221.2,222.16 2 0
github.com/stas9132/GophKeeper/internal/client/client.go:222.16,224.3 1 0
github.com/stas9132/GophKeeper/internal/client/client.go:226.2,226.59 1 0
github.com/stas9132/GophKeeper/internal/logger/logger.go:15.35,16.58 1 0
github.com/stas9132/GophKeeper/internal/logger/logger.go:16.58,18.48 1 0
github.com/stas9132/GophKeeper/internal/logger/logger.go:18.48,20.4 1 0
github.com/stas9132/GophKeeper/internal/logger/logger.go:22.3,22.30 1 0
github.com/stas9132/GophKeeper/internal/logger/logger.go:22.30,25.4 2 0
github.com/stas9132/GophKeeper/internal/logger/logger.go:26.3,26.11 1 0
github.com/stas9132/GophKeeper/internal/logger/logger.go:28.2,28.110 1 0
github.com/stas9132/GophKeeper/internal/logger/logger.go:15.35,16.58 1 0
github.com/stas9132/GophKeeper/internal/logger/logger.go:16.58,18.48 1 0
github.com/stas9132/GophKeeper/internal/logger/logger.go:18.48,20.4 1 0
github.com/stas9132/GophKeeper/internal/logger/logger.go:22.3,22.30 1 0
github.com/stas9132/GophKeeper/internal/logger/logger.go:22.30,25.4 2 0
github.com/stas9132/GophKeeper/internal/logger/logger.go:26.3,26.11 1 0
github.com/stas9132/GophKeeper/internal/logger/logger.go:28.2,28.110 1 0
github.com/stas9132/GophKeeper/internal/server/auth/middleware.go:16.68,17.121 1 0
github.com/stas9132/GophKeeper/internal/server/auth/middleware.go:17.121,19.26 1 0
github.com/stas9132/GophKeeper/internal/server/auth/middleware.go:23.28,24.28 1 0
github.com/stas9132/GophKeeper/internal/server/auth/middleware.go:25.11,25.11 0 0
github.com/stas9132/GophKeeper/internal/server/auth/middleware.go:29.3,30.10 2 0
github.com/stas9132/GophKeeper/internal/server/auth/middleware.go:30.10,32.4 1 0
github.com/stas9132/GophKeeper/internal/server/auth/middleware.go:34.3,35.26 2 0
github.com/stas9132/GophKeeper/internal/server/auth/middleware.go:35.26,37.4 1 0
github.com/stas9132/GophKeeper/internal/server/auth/middleware.go:38.3,40.94 2 0
github.com/stas9132/GophKeeper/internal/server/auth/middleware.go:40.94,41.55 1 0
github.com/stas9132/GophKeeper/internal/server/auth/middleware.go:41.55,43.5 1 0
github.com/stas9132/GophKeeper/internal/server/auth/middleware.go:44.4,44.29 1 0
github.com/stas9132/GophKeeper/internal/server/auth/middleware.go:46.3,46.17 1 0
github.com/stas9132/GophKeeper/internal/server/auth/middleware.go:46.17,48.4 1 0
github.com/stas9132/GophKeeper/internal/server/auth/middleware.go:50.3,50.56 1 0
github.com/stas9132/GophKeeper/internal/server/auth/middleware.go:50.56,51.41 1 0
github.com/stas9132/GophKeeper/internal/server/auth/middleware.go:51.41,53.5 1 0
github.com/stas9132/GophKeeper/internal/server/auth/middleware.go:54.9,56.4 1 0
github.com/stas9132/GophKeeper/internal/server/auth/middleware.go:58.3,58.27 1 0
github.com/stas9132/GophKeeper/internal/server/auth/middleware.go:62.79,64.2 1 0
github.com/stas9132/GophKeeper/internal/logger/logger.go:15.35,16.58 1 0
github.com/stas9132/GophKeeper/internal/logger/logger.go:16.58,18.48 1 0
github.com/stas9132/GophKeeper/internal/logger/logger.go:18.48,20.4 1 0
github.com/stas9132/GophKeeper/internal/logger/logger.go:22.3,22.30 1 0
github.com/stas9132/GophKeeper/internal/logger/logger.go:22.30,25.4 2 0
github.com/stas9132/GophKeeper/internal/logger/logger.go:26.3,26.11 1 0
github.com/stas9132/GophKeeper/internal/logger/logger.go:28.2,28.110 1 0
github.com/stas9132/GophKeeper/internal/storage/s3.go:15.42,20.16 2 1
github.com/stas9132/GophKeeper/internal/storage/s3.go:20.16,22.3 1 0
github.com/stas9132/GophKeeper/internal/storage/s3.go:24.2,24.33 1 1
github.com/stas9132/GophKeeper/internal/logger/logger.go:15.35,16.58 1 1
github.com/stas9132/GophKeeper/internal/logger/logger.go:16.58,18.48 1 1
github.com/stas9132/GophKeeper/internal/logger/logger.go:18.48,20.4 1 1
github.com/stas9132/GophKeeper/internal/logger/logger.go:22.3,22.30 1 1
github.com/stas9132/GophKeeper/internal/logger/logger.go:22.30,25.4 2 1
github.com/stas9132/GophKeeper/internal/logger/logger.go:26.3,26.11 1 1
github.com/stas9132/GophKeeper/internal/logger/logger.go:28.2,28.110 1 1
github.com/stas9132/GophKeeper/internal/server/api/api.go:47.49,49.16 2 0
github.com/stas9132/GophKeeper/internal/server/api/api.go:49.16,51.3 1 0
github.com/stas9132/GophKeeper/internal/server/api/api.go:52.2,53.16 2 0
github.com/stas9132/GophKeeper/internal/server/api/api.go:53.16,55.3 1 0
github.com/stas9132/GophKeeper/internal/server/api/api.go:56.2,60.8 1 0
github.com/stas9132/GophKeeper/internal/server/api/api.go:63.89,69.2 1 1
github.com/stas9132/GophKeeper/internal/server/api/api.go:73.89,74.86 1 1
github.com/stas9132/GophKeeper/internal/server/api/api.go:74.86,77.3 2 1
github.com/stas9132/GophKeeper/internal/server/api/api.go:78.2,78.78 1 1
github.com/stas9132/GophKeeper/internal/server/api/api.go:78.78,80.3 1 1
github.com/stas9132/GophKeeper/internal/server/api/api.go:82.2,85.16 2 1
github.com/stas9132/GophKeeper/internal/server/api/api.go:85.16,87.3 1 0
github.com/stas9132/GophKeeper/internal/server/api/api.go:88.2,88.79 1 1
github.com/stas9132/GophKeeper/internal/server/api/api.go:88.79,90.3 1 1
github.com/stas9132/GophKeeper/internal/server/api/api.go:91.2,91.29 1 0
github.com/stas9132/GophKeeper/internal/server/api/api.go:94.86,95.76 1 1
github.com/stas9132/GophKeeper/internal/server/api/api.go:95.76,97.3 1 1
github.com/stas9132/GophKeeper/internal/server/api/api.go:97.8,97.16 1 1
github.com/stas9132/GophKeeper/internal/server/api/api.go:97.16,99.3 1 1
github.com/stas9132/GophKeeper/internal/server/api/api.go:101.2,104.16 2 1
github.com/stas9132/GophKeeper/internal/server/api/api.go:104.16,106.3 1 0
github.com/stas9132/GophKeeper/internal/server/api/api.go:107.2,107.79 1 1
github.com/stas9132/GophKeeper/internal/server/api/api.go:107.79,109.3 1 1
github.com/stas9132/GophKeeper/internal/server/api/api.go:110.2,110.29 1 0
github.com/stas9132/GophKeeper/internal/server/api/api.go:113.84,114.44 1 1
github.com/stas9132/GophKeeper/internal/server/api/api.go:114.44,116.3 1 1
github.com/stas9132/GophKeeper/internal/server/api/api.go:117.2,117.81 1 1
github.com/stas9132/GophKeeper/internal/server/api/api.go:117.81,119.3 1 1
github.com/stas9132/GophKeeper/internal/server/api/api.go:120.2,120.29 1 0
github.com/stas9132/GophKeeper/internal/server/api/api.go:123.83,125.9 2 1
github.com/stas9132/GophKeeper/internal/server/api/api.go:125.9,127.3 1 1
github.com/stas9132/GophKeeper/internal/server/api/api.go:129.2,130.16 2 1
github.com/stas9132/GophKeeper/internal/server/api/api.go:130.16,132.3 1 1
github.com/stas9132/GophKeeper/internal/server/api/api.go:134.2,135.16 2 1
github.com/stas9132/GophKeeper/internal/server/api/api.go:135.16,137.3 1 1
github.com/stas9132/GophKeeper/internal/server/api/api.go:138.2,139.29 2 1
github.com/stas9132/GophKeeper/internal/server/api/api.go:141.85,143.9 2 1
github.com/stas9132/GophKeeper/internal/server/api/api.go:143.9,145.3 1 1
github.com/stas9132/GophKeeper/internal/server/api/api.go:147.2,148.16 2 1
github.com/stas9132/GophKeeper/internal/server/api/api.go:148.16,150.3 1 1
github.com/stas9132/GophKeeper/internal/server/api/api.go:152.2,154.16 3 1
github.com/stas9132/GophKeeper/internal/logger/logger.go:15.35,16.58 1 0
github.com/stas9132/GophKeeper/internal/logger/logger.go:16.58,18.48 1 0
github.com/stas9132/GophKeeper/internal/logger/logger.go:18.48,20.4 1 0
github.com/stas9132/GophKeeper/internal/logger/logger.go:22.3,22.30 1 0
github.com/stas9132/GophKeeper/internal/logger/logger.go:22.30,25.4 2 0
github.com/stas9132/GophKeeper/internal/logger/logger.go:26.3,26.11 1 0
github.com/stas9132/GophKeeper/internal/logger/logger.go:28.2,28.110 1 0
github.com/stas9132/GophKeeper/internal/server/db/db.go:26.42,28.16 2 1
github.com/stas9132/GophKeeper/internal/server/db/db.go:28.16,31.3 2 0
github.com/stas9132/GophKeeper/internal/server/db/db.go:33.2,34.16 2 1
github.com/stas9132/GophKeeper/internal/server/db/db.go:34.16,37.3 2 0
github.com/stas9132/GophKeeper/internal/server/db/db.go:38.2,41.16 2 1
github.com/stas9132/GophKeeper/internal/server/db/db.go:41.16,44.3 2 0
github.com/stas9132/GophKeeper/internal/server/db/db.go:44.8,45.71 1 1
github.com/stas9132/GophKeeper/internal/server/db/db.go:45.71,48.4 2 0
github.com/stas9132/GophKeeper/internal/server/db/db.go:51.2,55.8 1 1
github.com/stas9132/GophKeeper/internal/server/db/db.go:58.81,64.16 4 1
github.com/stas9132/GophKeeper/internal/server/db/db.go:64.16,67.3 2 0
github.com/stas9132/GophKeeper/internal/server/db/db.go:68.2,68.18 1 1
github.com/stas9132/GophKeeper/internal/server/db/db.go:71.78,74.42 3 1
github.com/stas9132/GophKeeper/internal/server/db/db.go:74.42,75.36 1 1
github.com/stas9132/GophKeeper/internal/server/db/db.go:75.36,78.4 2 1
github.com/stas9132/GophKeeper/internal/server/db/db.go:79.3,80.20 2 0
github.com/stas9132/GophKeeper/internal/server/db/db.go:83.2,86.20 3 1
github.com/stas9132/GophKeeper/internal/server/db/db.go:86.20,89.3 2 1
github.com/stas9132/GophKeeper/internal/server/db/db.go:91.2,91.18 1 1
github.com/stas9132/GophKeeper/internal/server/db/db.go:94.56,96.2 1 1
github.com/stas9132/GophKeeper/internal/server/db/db.go:103.95,105.16 2 1
github.com/stas9132/GophKeeper/internal/server/db/db.go:105.16,108.3 2 1
github.com/stas9132/GophKeeper/internal/server/db/db.go:109.2,111.16 3 1
github.com/stas9132/GophKeeper/internal/server/db/db.go:111.16,114.3 2 0
github.com/stas9132/GophKeeper/internal/server/db/db.go:115.2,116.17 2 1
github.com/stas9132/GophKeeper/internal/server/db/db.go:116.17,117.38 1 1
github.com/stas9132/GophKeeper/internal/server/db/db.go:117.38,120.4 2 0
github.com/stas9132/GophKeeper/internal/server/db/db.go:122.2,122.17 1 1
github.com/stas9132/GophKeeper/internal/server/db/db.go:122.17,125.3 2 0
github.com/stas9132/GophKeeper/internal/server/db/db.go:127.2,127.17 1 1
github.com/stas9132/GophKeeper/internal/server/db/db.go:127.17,129.154 2 1
github.com/stas9132/GophKeeper/internal/server/db/db.go:129.154,132.4 2 0
github.com/stas9132/GophKeeper/internal/server/db/db.go:134.3,134.36 1 1
github.com/stas9132/GophKeeper/internal/server/db/db.go:134.36,137.4 2 0
github.com/stas9132/GophKeeper/internal/server/db/db.go:140.2,140.29 1 1
github.com/stas9132/GophKeeper/internal/server/db/db.go:143.82,147.51 4 1
github.com/stas9132/GophKeeper/internal/server/db/db.go:147.51,150.3 2 1
github.com/stas9132/GophKeeper/internal/server/db/db.go:151.2,154.8 1 1
