mode: set
github.com/stas9132/GophKeeper/cmd/client/client.go:18.69,21.16 2 0
github.com/stas9132/GophKeeper/cmd/client/client.go:21.16,23.3 1 0
github.com/stas9132/GophKeeper/cmd/client/client.go:25.2,26.47 2 0
github.com/stas9132/GophKeeper/cmd/client/client.go:26.47,28.3 1 0
github.com/stas9132/GophKeeper/cmd/client/client.go:31.2,36.40 2 0
github.com/stas9132/GophKeeper/cmd/client/client.go:39.29,41.16 2 0
github.com/stas9132/GophKeeper/cmd/client/client.go:41.16,43.3 1 0
github.com/stas9132/GophKeeper/cmd/client/client.go:44.2,45.16 2 0
github.com/stas9132/GophKeeper/cmd/client/client.go:45.16,47.3 1 0
github.com/stas9132/GophKeeper/cmd/client/client.go:48.2,49.15 2 0
github.com/stas9132/GophKeeper/cmd/client/client.go:49.15,51.21 2 0
github.com/stas9132/GophKeeper/cmd/client/client.go:51.21,52.12 1 0
github.com/stas9132/GophKeeper/cmd/client/client.go:54.3,55.14 2 0
github.com/stas9132/GophKeeper/cmd/client/client.go:56.15,57.10 1 0
github.com/stas9132/GophKeeper/cmd/client/client.go:58.17,59.37 1 0
github.com/stas9132/GophKeeper/cmd/client/client.go:59.37,61.13 2 0
github.com/stas9132/GophKeeper/cmd/client/client.go:63.19,64.43 1 0
github.com/stas9132/GophKeeper/cmd/client/client.go:64.43,66.13 2 0
github.com/stas9132/GophKeeper/cmd/client/client.go:68.16,69.40 1 0
github.com/stas9132/GophKeeper/cmd/client/client.go:69.40,71.13 2 0
github.com/stas9132/GophKeeper/cmd/client/client.go:73.17,74.37 1 0
github.com/stas9132/GophKeeper/cmd/client/client.go:74.37,76.13 2 0
github.com/stas9132/GophKeeper/cmd/client/client.go:78.14,79.38 1 0
github.com/stas9132/GophKeeper/cmd/client/client.go:79.38,81.13 2 0
github.com/stas9132/GophKeeper/cmd/client/client.go:83.14,85.18 2 0
github.com/stas9132/GophKeeper/cmd/client/client.go:85.18,87.13 2 0
github.com/stas9132/GophKeeper/cmd/client/client.go:89.4,89.21 1 0
github.com/stas9132/GophKeeper/cmd/client/client.go:90.15,91.83 1 0
github.com/stas9132/GophKeeper/cmd/client/client.go:92.11,94.12 2 0
github.com/stas9132/GophKeeper/cmd/client/client.go:96.3,96.47 1 0
github.com/stas9132/GophKeeper/cmd/client/client.go:100.13,105.25 3 0
github.com/stas9132/GophKeeper/cmd/client/client.go:105.25,109.3 3 0
github.com/stas9132/GophKeeper/cmd/client/client.go:111.2,112.10 2 0
github.com/stas9132/GophKeeper/cmd/server/server.go:30.69,33.16 2 0
github.com/stas9132/GophKeeper/cmd/server/server.go:33.16,35.3 1 0
github.com/stas9132/GophKeeper/cmd/server/server.go:38.2,43.40 2 0
github.com/stas9132/GophKeeper/cmd/server/server.go:46.44,49.59 3 0
github.com/stas9132/GophKeeper/cmd/server/server.go:49.59,50.101 1 0
github.com/stas9132/GophKeeper/cmd/server/server.go:50.101,52.4 1 0
github.com/stas9132/GophKeeper/cmd/server/server.go:54.2,55.16 2 0
github.com/stas9132/GophKeeper/cmd/server/server.go:55.16,57.3 1 0
github.com/stas9132/GophKeeper/cmd/server/server.go:58.2,66.16 3 0
github.com/stas9132/GophKeeper/cmd/server/server.go:66.16,68.3 1 0
github.com/stas9132/GophKeeper/cmd/server/server.go:69.2,70.16 2 0
github.com/stas9132/GophKeeper/cmd/server/server.go:70.16,72.3 1 0
github.com/stas9132/GophKeeper/cmd/server/server.go:73.2,76.12 3 0
github.com/stas9132/GophKeeper/cmd/server/server.go:76.12,79.13 3 0
github.com/stas9132/GophKeeper/cmd/server/server.go:79.13,81.38 2 0
github.com/stas9132/GophKeeper/cmd/server/server.go:81.38,83.5 1 0
github.com/stas9132/GophKeeper/cmd/server/server.go:84.4,85.13 2 0
github.com/stas9132/GophKeeper/cmd/server/server.go:87.3,90.13 4 0
github.com/stas9132/GophKeeper/cmd/server/server.go:92.2,92.12 1 0
github.com/stas9132/GophKeeper/cmd/server/server.go:95.48,105.16 7 0
github.com/stas9132/GophKeeper/cmd/server/server.go:105.16,109.3 3 0
github.com/stas9132/GophKeeper/cmd/server/server.go:111.2,111.12 1 0
github.com/stas9132/GophKeeper/cmd/server/server.go:111.12,114.13 3 0
github.com/stas9132/GophKeeper/cmd/server/server.go:114.13,116.85 2 0
github.com/stas9132/GophKeeper/cmd/server/server.go:116.85,118.5 1 0
github.com/stas9132/GophKeeper/cmd/server/server.go:119.4,120.13 2 0
github.com/stas9132/GophKeeper/cmd/server/server.go:122.3,125.13 4 0
github.com/stas9132/GophKeeper/cmd/server/server.go:127.2,127.12 1 0
github.com/stas9132/GophKeeper/cmd/server/server.go:130.13,140.2 7 0
github.com/stas9132/GophKeeper/internal/config/config.go:21.13,27.49 4 1
github.com/stas9132/GophKeeper/internal/config/config.go:27.49,29.3 1 1
github.com/stas9132/GophKeeper/internal/config/config.go:30.2,30.54 1 1
github.com/stas9132/GophKeeper/internal/config/config.go:30.54,32.3 1 1
github.com/stas9132/GophKeeper/internal/config/config.go:33.2,33.46 1 1
github.com/stas9132/GophKeeper/internal/config/config.go:33.46,35.3 1 1
github.com/stas9132/GophKeeper/internal/config/config.go:36.2,36.48 1 1
github.com/stas9132/GophKeeper/internal/config/config.go:36.48,38.3 1 1
github.com/stas9132/GophKeeper/internal/config/config.go:39.2,39.48 1 1
github.com/stas9132/GophKeeper/internal/config/config.go:39.48,41.3 1 1
github.com/stas9132/GophKeeper/internal/config/config.go:42.2,42.45 1 1
github.com/stas9132/GophKeeper/internal/config/config.go:42.45,44.3 1 1
github.com/stas9132/GophKeeper/internal/config/config.go:45.2,45.46 1 1
github.com/stas9132/GophKeeper/internal/config/config.go:45.46,47.3 1 1
github.com/stas9132/GophKeeper/internal/config/config.go:48.2,48.42 1 1
github.com/stas9132/GophKeeper/internal/config/config.go:48.42,50.3 1 1
github.com/stas9132/GophKeeper/internal/config/config.go:51.2,51.45 1 1
github.com/stas9132/GophKeeper/internal/config/config.go:51.45,54.17 3 1
github.com/stas9132/GophKeeper/internal/config/config.go:54.17,56.4 1 0
github.com/stas9132/GophKeeper/internal/config/config.go:58.2,58.47 1 1
github.com/stas9132/GophKeeper/internal/config/config.go:58.47,60.3 1 1
github.com/stas9132/GophKeeper/internal/logger/logger.go:15.35,16.58 1 0
github.com/stas9132/GophKeeper/internal/logger/logger.go:16.58,18.48 1 0
github.com/stas9132/GophKeeper/internal/logger/logger.go:18.48,20.4 1 0
github.com/stas9132/GophKeeper/internal/logger/logger.go:22.3,22.30 1 0
github.com/stas9132/GophKeeper/internal/logger/logger.go:22.30,25.4 2 0
github.com/stas9132/GophKeeper/internal/logger/logger.go:26.3,26.11 1 0
github.com/stas9132/GophKeeper/internal/logger/logger.go:28.2,28.110 1 0
github.com/stas9132/GophKeeper/internal/logger/logger.go:15.35,16.58 1 0
github.com/stas9132/GophKeeper/internal/logger/logger.go:16.58,18.48 1 0
github.com/stas9132/GophKeeper/internal/logger/logger.go:18.48,20.4 1 0
github.com/stas9132/GophKeeper/internal/logger/logger.go:22.3,22.30 1 0
github.com/stas9132/GophKeeper/internal/logger/logger.go:22.30,25.4 2 0
github.com/stas9132/GophKeeper/internal/logger/logger.go:26.3,26.11 1 0
github.com/stas9132/GophKeeper/internal/logger/logger.go:28.2,28.110 1 0
github.com/stas9132/GophKeeper/internal/server/auth/middleware.go:17.68,18.121 1 0
github.com/stas9132/GophKeeper/internal/server/auth/middleware.go:18.121,20.26 1 0
github.com/stas9132/GophKeeper/internal/server/auth/middleware.go:24.28,25.28 1 0
github.com/stas9132/GophKeeper/internal/server/auth/middleware.go:26.11,26.11 0 0
github.com/stas9132/GophKeeper/internal/server/auth/middleware.go:30.3,31.10 2 0
github.com/stas9132/GophKeeper/internal/server/auth/middleware.go:31.10,33.4 1 0
github.com/stas9132/GophKeeper/internal/server/auth/middleware.go:35.3,36.26 2 0
github.com/stas9132/GophKeeper/internal/server/auth/middleware.go:36.26,38.4 1 0
github.com/stas9132/GophKeeper/internal/server/auth/middleware.go:39.3,41.94 2 0
github.com/stas9132/GophKeeper/internal/server/auth/middleware.go:41.94,42.55 1 0
github.com/stas9132/GophKeeper/internal/server/auth/middleware.go:42.55,44.5 1 0
github.com/stas9132/GophKeeper/internal/server/auth/middleware.go:45.4,45.29 1 0
github.com/stas9132/GophKeeper/internal/server/auth/middleware.go:47.3,47.17 1 0
github.com/stas9132/GophKeeper/internal/server/auth/middleware.go:47.17,49.4 1 0
github.com/stas9132/GophKeeper/internal/server/auth/middleware.go:51.3,51.56 1 0
github.com/stas9132/GophKeeper/internal/server/auth/middleware.go:51.56,52.41 1 0
github.com/stas9132/GophKeeper/internal/server/auth/middleware.go:52.41,54.5 1 0
github.com/stas9132/GophKeeper/internal/server/auth/middleware.go:55.9,57.4 1 0
github.com/stas9132/GophKeeper/internal/server/auth/middleware.go:59.3,59.27 1 0
github.com/stas9132/GophKeeper/internal/server/auth/middleware.go:68.57,68.73 1 0
github.com/stas9132/GophKeeper/internal/server/auth/middleware.go:70.75,71.108 1 0
github.com/stas9132/GophKeeper/internal/server/auth/middleware.go:71.108,73.26 1 0
github.com/stas9132/GophKeeper/internal/server/auth/middleware.go:77.28,78.27 1 0
github.com/stas9132/GophKeeper/internal/server/auth/middleware.go:79.11,79.11 0 0
github.com/stas9132/GophKeeper/internal/server/auth/middleware.go:83.3,84.10 2 0
github.com/stas9132/GophKeeper/internal/server/auth/middleware.go:84.10,86.4 1 0
github.com/stas9132/GophKeeper/internal/server/auth/middleware.go:88.3,89.26 2 0
github.com/stas9132/GophKeeper/internal/server/auth/middleware.go:89.26,91.4 1 0
github.com/stas9132/GophKeeper/internal/server/auth/middleware.go:92.3,94.94 2 0
github.com/stas9132/GophKeeper/internal/server/auth/middleware.go:94.94,95.55 1 0
github.com/stas9132/GophKeeper/internal/server/auth/middleware.go:95.55,97.5 1 0
github.com/stas9132/GophKeeper/internal/server/auth/middleware.go:98.4,98.29 1 0
github.com/stas9132/GophKeeper/internal/server/auth/middleware.go:100.3,100.17 1 0
github.com/stas9132/GophKeeper/internal/server/auth/middleware.go:100.17,102.4 1 0
github.com/stas9132/GophKeeper/internal/server/auth/middleware.go:104.3,105.56 2 0
github.com/stas9132/GophKeeper/internal/server/auth/middleware.go:105.56,106.41 1 0
github.com/stas9132/GophKeeper/internal/server/auth/middleware.go:106.41,108.5 1 0
github.com/stas9132/GophKeeper/internal/server/auth/middleware.go:109.9,111.4 1 0
github.com/stas9132/GophKeeper/internal/server/auth/middleware.go:113.3,116.5 1 0
github.com/stas9132/GophKeeper/internal/server/auth/middleware.go:120.79,122.2 1 0
github.com/stas9132/GophKeeper/internal/server/auth/middleware.go:124.81,126.2 1 0
github.com/stas9132/GophKeeper/internal/logger/logger.go:15.35,16.58 1 0
github.com/stas9132/GophKeeper/internal/logger/logger.go:16.58,18.48 1 0
github.com/stas9132/GophKeeper/internal/logger/logger.go:18.48,20.4 1 0
github.com/stas9132/GophKeeper/internal/logger/logger.go:22.3,22.30 1 0
github.com/stas9132/GophKeeper/internal/logger/logger.go:22.30,25.4 2 0
github.com/stas9132/GophKeeper/internal/logger/logger.go:26.3,26.11 1 0
github.com/stas9132/GophKeeper/internal/logger/logger.go:28.2,28.110 1 0
github.com/stas9132/GophKeeper/internal/storage/s3.go:15.42,20.16 2 1
github.com/stas9132/GophKeeper/internal/storage/s3.go:20.16,22.3 1 0
github.com/stas9132/GophKeeper/internal/storage/s3.go:24.2,24.33 1 1
github.com/stas9132/GophKeeper/internal/client/client.go:42.92,44.16 2 1
github.com/stas9132/GophKeeper/internal/client/client.go:44.16,46.3 1 0
github.com/stas9132/GophKeeper/internal/client/client.go:47.2,48.16 2 1
github.com/stas9132/GophKeeper/internal/client/client.go:48.16,50.3 1 0
github.com/stas9132/GophKeeper/internal/client/client.go:51.2,55.8 1 1
github.com/stas9132/GophKeeper/internal/client/client.go:58.33,60.22 2 1
github.com/stas9132/GophKeeper/internal/client/client.go:60.22,62.3 1 1
github.com/stas9132/GophKeeper/internal/client/client.go:63.2,64.16 2 1
github.com/stas9132/GophKeeper/internal/client/client.go:64.16,66.3 1 1
github.com/stas9132/GophKeeper/internal/client/client.go:67.2,68.12 2 1
github.com/stas9132/GophKeeper/internal/client/client.go:71.48,72.20 1 1
github.com/stas9132/GophKeeper/internal/client/client.go:72.20,75.3 2 1
github.com/stas9132/GophKeeper/internal/client/client.go:76.2,81.16 3 1
github.com/stas9132/GophKeeper/internal/client/client.go:81.16,83.3 1 1
github.com/stas9132/GophKeeper/internal/client/client.go:84.2,86.12 3 0
github.com/stas9132/GophKeeper/internal/client/client.go:89.45,90.20 1 1
github.com/stas9132/GophKeeper/internal/client/client.go:90.20,93.3 2 1
github.com/stas9132/GophKeeper/internal/client/client.go:94.2,99.16 3 1
github.com/stas9132/GophKeeper/internal/client/client.go:99.16,101.3 1 1
github.com/stas9132/GophKeeper/internal/client/client.go:102.2,104.12 3 0
github.com/stas9132/GophKeeper/internal/client/client.go:107.33,110.16 3 1
github.com/stas9132/GophKeeper/internal/client/client.go:110.16,112.3 1 1
github.com/stas9132/GophKeeper/internal/client/client.go:113.2,115.12 3 1
github.com/stas9132/GophKeeper/internal/client/client.go:122.43,123.20 1 1
github.com/stas9132/GophKeeper/internal/client/client.go:123.20,126.3 2 1
github.com/stas9132/GophKeeper/internal/client/client.go:127.2,131.31 5 1
github.com/stas9132/GophKeeper/internal/client/client.go:132.43,134.29 2 1
github.com/stas9132/GophKeeper/internal/client/client.go:135.33,137.29 2 1
github.com/stas9132/GophKeeper/internal/client/client.go:138.32,140.17 2 1
github.com/stas9132/GophKeeper/internal/client/client.go:140.17,142.4 1 1
github.com/stas9132/GophKeeper/internal/client/client.go:143.3,145.17 3 1
github.com/stas9132/GophKeeper/internal/client/client.go:145.17,147.4 1 0
github.com/stas9132/GophKeeper/internal/client/client.go:148.3,149.23 2 1
github.com/stas9132/GophKeeper/internal/client/client.go:150.33,152.29 2 1
github.com/stas9132/GophKeeper/internal/client/client.go:153.10,159.29 6 1
github.com/stas9132/GophKeeper/internal/client/client.go:161.2,166.16 3 1
github.com/stas9132/GophKeeper/internal/client/client.go:166.16,168.3 1 0
github.com/stas9132/GophKeeper/internal/client/client.go:169.2,170.16 2 1
github.com/stas9132/GophKeeper/internal/client/client.go:170.16,172.3 1 0
github.com/stas9132/GophKeeper/internal/client/client.go:173.2,174.16 2 1
github.com/stas9132/GophKeeper/internal/client/client.go:174.16,176.3 1 0
github.com/stas9132/GophKeeper/internal/client/client.go:177.2,181.16 4 1
github.com/stas9132/GophKeeper/internal/client/client.go:181.16,183.3 1 1
github.com/stas9132/GophKeeper/internal/client/client.go:184.2,186.57 2 1
github.com/stas9132/GophKeeper/internal/client/client.go:186.57,188.23 2 1
github.com/stas9132/GophKeeper/internal/client/client.go:188.23,190.4 1 1
github.com/stas9132/GophKeeper/internal/client/client.go:191.3,196.18 1 1
github.com/stas9132/GophKeeper/internal/client/client.go:196.18,199.4 2 0
github.com/stas9132/GophKeeper/internal/client/client.go:202.2,204.12 2 1
github.com/stas9132/GophKeeper/internal/client/client.go:207.53,208.19 1 1
github.com/stas9132/GophKeeper/internal/client/client.go:208.19,211.3 2 1
github.com/stas9132/GophKeeper/internal/client/client.go:212.2,217.16 4 1
github.com/stas9132/GophKeeper/internal/client/client.go:217.16,219.3 1 1
github.com/stas9132/GophKeeper/internal/client/client.go:221.2,222.16 2 1
github.com/stas9132/GophKeeper/internal/client/client.go:222.16,224.3 1 1
github.com/stas9132/GophKeeper/internal/client/client.go:225.2,226.16 2 0
github.com/stas9132/GophKeeper/internal/client/client.go:226.16,228.3 1 0
github.com/stas9132/GophKeeper/internal/client/client.go:229.2,230.16 2 0
github.com/stas9132/GophKeeper/internal/client/client.go:230.16,232.3 1 0
github.com/stas9132/GophKeeper/internal/client/client.go:233.2,234.16 2 0
github.com/stas9132/GophKeeper/internal/client/client.go:234.16,236.3 1 0
github.com/stas9132/GophKeeper/internal/client/client.go:237.2,238.16 2 0
github.com/stas9132/GophKeeper/internal/client/client.go:238.16,240.3 1 0
github.com/stas9132/GophKeeper/internal/client/client.go:242.2,242.23 1 0
github.com/stas9132/GophKeeper/internal/client/client.go:243.32,244.21 1 0
github.com/stas9132/GophKeeper/internal/client/client.go:244.21,247.4 2 0
github.com/stas9132/GophKeeper/internal/client/client.go:248.3,248.87 1 0
github.com/stas9132/GophKeeper/internal/client/client.go:249.10,250.60 1 0
github.com/stas9132/GophKeeper/internal/logger/logger.go:15.35,16.58 1 0
github.com/stas9132/GophKeeper/internal/logger/logger.go:16.58,18.48 1 0
github.com/stas9132/GophKeeper/internal/logger/logger.go:18.48,20.4 1 0
github.com/stas9132/GophKeeper/internal/logger/logger.go:22.3,22.30 1 0
github.com/stas9132/GophKeeper/internal/logger/logger.go:22.30,25.4 2 0
github.com/stas9132/GophKeeper/internal/logger/logger.go:26.3,26.11 1 0
github.com/stas9132/GophKeeper/internal/logger/logger.go:28.2,28.110 1 0
github.com/stas9132/GophKeeper/internal/logger/logger.go:15.35,16.58 1 1
github.com/stas9132/GophKeeper/internal/logger/logger.go:16.58,18.48 1 1
github.com/stas9132/GophKeeper/internal/logger/logger.go:18.48,20.4 1 1
github.com/stas9132/GophKeeper/internal/logger/logger.go:22.3,22.30 1 1
github.com/stas9132/GophKeeper/internal/logger/logger.go:22.30,25.4 2 1
github.com/stas9132/GophKeeper/internal/logger/logger.go:26.3,26.11 1 1
github.com/stas9132/GophKeeper/internal/logger/logger.go:28.2,28.110 1 1
github.com/stas9132/GophKeeper/internal/server/api/api.go:47.49,49.16 2 1
github.com/stas9132/GophKeeper/internal/server/api/api.go:49.16,51.3 1 0
github.com/stas9132/GophKeeper/internal/server/api/api.go:52.2,53.16 2 1
github.com/stas9132/GophKeeper/internal/server/api/api.go:53.16,55.3 1 0
github.com/stas9132/GophKeeper/internal/server/api/api.go:56.2,60.8 1 1
github.com/stas9132/GophKeeper/internal/server/api/api.go:63.89,69.2 1 1
github.com/stas9132/GophKeeper/internal/server/api/api.go:73.89,74.86 1 1
github.com/stas9132/GophKeeper/internal/server/api/api.go:74.86,77.3 2 1
github.com/stas9132/GophKeeper/internal/server/api/api.go:78.2,78.78 1 1
github.com/stas9132/GophKeeper/internal/server/api/api.go:78.78,80.3 1 1
github.com/stas9132/GophKeeper/internal/server/api/api.go:82.2,85.16 2 1
github.com/stas9132/GophKeeper/internal/server/api/api.go:85.16,87.3 1 0
github.com/stas9132/GophKeeper/internal/server/api/api.go:88.2,88.79 1 1
github.com/stas9132/GophKeeper/internal/server/api/api.go:88.79,90.3 1 1
github.com/stas9132/GophKeeper/internal/server/api/api.go:91.2,91.29 1 0
github.com/stas9132/GophKeeper/internal/server/api/api.go:94.86,95.76 1 1
github.com/stas9132/GophKeeper/internal/server/api/api.go:95.76,97.3 1 1
github.com/stas9132/GophKeeper/internal/server/api/api.go:97.8,97.16 1 1
github.com/stas9132/GophKeeper/internal/server/api/api.go:97.16,99.3 1 1
github.com/stas9132/GophKeeper/internal/server/api/api.go:101.2,104.16 2 1
github.com/stas9132/GophKeeper/internal/server/api/api.go:104.16,106.3 1 0
github.com/stas9132/GophKeeper/internal/server/api/api.go:107.2,107.79 1 1
github.com/stas9132/GophKeeper/internal/server/api/api.go:107.79,109.3 1 1
github.com/stas9132/GophKeeper/internal/server/api/api.go:110.2,110.29 1 0
github.com/stas9132/GophKeeper/internal/server/api/api.go:113.84,114.44 1 1
github.com/stas9132/GophKeeper/internal/server/api/api.go:114.44,116.3 1 1
github.com/stas9132/GophKeeper/internal/server/api/api.go:117.2,117.81 1 1
github.com/stas9132/GophKeeper/internal/server/api/api.go:117.81,119.3 1 1
github.com/stas9132/GophKeeper/internal/server/api/api.go:120.2,120.29 1 0
github.com/stas9132/GophKeeper/internal/server/api/api.go:123.57,126.9 2 1
github.com/stas9132/GophKeeper/internal/server/api/api.go:126.9,128.3 1 1
github.com/stas9132/GophKeeper/internal/server/api/api.go:130.2,132.16 3 1
github.com/stas9132/GophKeeper/internal/server/api/api.go:132.16,135.3 2 1
github.com/stas9132/GophKeeper/internal/server/api/api.go:136.2,139.12 4 1
github.com/stas9132/GophKeeper/internal/server/api/api.go:139.12,140.76 1 1
github.com/stas9132/GophKeeper/internal/server/api/api.go:140.76,143.4 2 0
github.com/stas9132/GophKeeper/internal/server/api/api.go:144.3,144.76 1 0
github.com/stas9132/GophKeeper/internal/server/api/api.go:144.76,145.77 1 0
github.com/stas9132/GophKeeper/internal/server/api/api.go:145.77,148.5 2 0
github.com/stas9132/GophKeeper/internal/server/api/api.go:150.3,150.17 1 0
github.com/stas9132/GophKeeper/internal/server/api/api.go:153.2,154.16 2 1
github.com/stas9132/GophKeeper/internal/server/api/api.go:154.16,156.3 1 1
github.com/stas9132/GophKeeper/internal/server/api/api.go:158.2,159.16 2 1
github.com/stas9132/GophKeeper/internal/server/api/api.go:159.16,162.3 2 1
github.com/stas9132/GophKeeper/internal/server/api/api.go:164.2,165.12 2 1
github.com/stas9132/GophKeeper/internal/server/api/api.go:167.85,169.9 2 1
github.com/stas9132/GophKeeper/internal/server/api/api.go:169.9,171.3 1 1
github.com/stas9132/GophKeeper/internal/server/api/api.go:173.2,174.16 2 1
github.com/stas9132/GophKeeper/internal/server/api/api.go:174.16,176.3 1 1
github.com/stas9132/GophKeeper/internal/server/api/api.go:178.2,180.16 3 1
github.com/stas9132/GophKeeper/internal/logger/logger.go:15.35,16.58 1 0
github.com/stas9132/GophKeeper/internal/logger/logger.go:16.58,18.48 1 0
github.com/stas9132/GophKeeper/internal/logger/logger.go:18.48,20.4 1 0
github.com/stas9132/GophKeeper/internal/logger/logger.go:22.3,22.30 1 0
github.com/stas9132/GophKeeper/internal/logger/logger.go:22.30,25.4 2 0
github.com/stas9132/GophKeeper/internal/logger/logger.go:26.3,26.11 1 0
github.com/stas9132/GophKeeper/internal/logger/logger.go:28.2,28.110 1 0
github.com/stas9132/GophKeeper/internal/server/db/db.go:26.42,28.16 2 1
github.com/stas9132/GophKeeper/internal/server/db/db.go:28.16,31.3 2 0
github.com/stas9132/GophKeeper/internal/server/db/db.go:33.2,34.16 2 1
github.com/stas9132/GophKeeper/internal/server/db/db.go:34.16,37.3 2 0
github.com/stas9132/GophKeeper/internal/server/db/db.go:38.2,41.16 2 1
github.com/stas9132/GophKeeper/internal/server/db/db.go:41.16,44.3 2 0
github.com/stas9132/GophKeeper/internal/server/db/db.go:44.8,45.71 1 1
github.com/stas9132/GophKeeper/internal/server/db/db.go:45.71,48.4 2 0
github.com/stas9132/GophKeeper/internal/server/db/db.go:51.2,55.8 1 1
github.com/stas9132/GophKeeper/internal/server/db/db.go:58.81,64.16 4 1
github.com/stas9132/GophKeeper/internal/server/db/db.go:64.16,67.3 2 0
github.com/stas9132/GophKeeper/internal/server/db/db.go:68.2,68.18 1 1
github.com/stas9132/GophKeeper/internal/server/db/db.go:71.78,74.42 3 1
github.com/stas9132/GophKeeper/internal/server/db/db.go:74.42,75.36 1 1
github.com/stas9132/GophKeeper/internal/server/db/db.go:75.36,78.4 2 1
github.com/stas9132/GophKeeper/internal/server/db/db.go:79.3,80.20 2 0
github.com/stas9132/GophKeeper/internal/server/db/db.go:83.2,86.20 3 1
github.com/stas9132/GophKeeper/internal/server/db/db.go:86.20,89.3 2 1
github.com/stas9132/GophKeeper/internal/server/db/db.go:91.2,91.18 1 1
github.com/stas9132/GophKeeper/internal/server/db/db.go:94.56,96.2 1 1
github.com/stas9132/GophKeeper/internal/server/db/db.go:103.95,105.16 2 1
github.com/stas9132/GophKeeper/internal/server/db/db.go:105.16,108.3 2 1
github.com/stas9132/GophKeeper/internal/server/db/db.go:109.2,111.16 3 1
github.com/stas9132/GophKeeper/internal/server/db/db.go:111.16,114.3 2 0
github.com/stas9132/GophKeeper/internal/server/db/db.go:115.2,116.17 2 1
github.com/stas9132/GophKeeper/internal/server/db/db.go:116.17,117.38 1 1
github.com/stas9132/GophKeeper/internal/server/db/db.go:117.38,120.4 2 0
github.com/stas9132/GophKeeper/internal/server/db/db.go:122.2,122.17 1 1
github.com/stas9132/GophKeeper/internal/server/db/db.go:122.17,125.3 2 0
github.com/stas9132/GophKeeper/internal/server/db/db.go:127.2,127.17 1 1
github.com/stas9132/GophKeeper/internal/server/db/db.go:127.17,129.154 2 1
github.com/stas9132/GophKeeper/internal/server/db/db.go:129.154,132.4 2 0
github.com/stas9132/GophKeeper/internal/server/db/db.go:134.3,134.36 1 1
github.com/stas9132/GophKeeper/internal/server/db/db.go:134.36,137.4 2 0
github.com/stas9132/GophKeeper/internal/server/db/db.go:140.2,140.29 1 1
github.com/stas9132/GophKeeper/internal/server/db/db.go:143.82,147.51 4 1
github.com/stas9132/GophKeeper/internal/server/db/db.go:147.51,150.3 2 1
github.com/stas9132/GophKeeper/internal/server/db/db.go:151.2,154.8 1 1
